<?xml version="1.0" encoding="UTF-8"?>
<coverage generated="1742089327218" clover="3.2.0">
  <project timestamp="1742089327218" name="All files">
    <metrics statements="25" coveredstatements="17" conditionals="28" coveredconditionals="21" methods="3" coveredmethods="3" elements="56" coveredelements="41" complexity="0" loc="25" ncloc="25" packages="1" files="1" classes="1"/>
    <file name="math.js" path="D:\study\topics\67d5bd7e5040133e8429f1c0\src\lr_01\scripts\math.js">
      <metrics statements="25" coveredstatements="17" conditionals="28" coveredconditionals="21" methods="3" coveredmethods="3"/>
      <line num="3" count="6" type="cond" truecount="1" falsecount="1"/>
      <line num="4" count="0" type="stmt"/>
      <line num="6" count="6" type="cond" truecount="1" falsecount="1"/>
      <line num="7" count="0" type="stmt"/>
      <line num="9" count="6" type="stmt"/>
      <line num="10" count="18" type="cond" truecount="3" falsecount="1"/>
      <line num="11" count="0" type="stmt"/>
      <line num="13" count="18" type="stmt"/>
      <line num="14" count="18" type="stmt"/>
      <line num="15" count="18" type="cond" truecount="1" falsecount="1"/>
      <line num="16" count="0" type="stmt"/>
      <line num="18" count="18" type="cond" truecount="1" falsecount="1"/>
      <line num="19" count="0" type="stmt"/>
      <line num="21" count="18" type="cond" truecount="1" falsecount="1"/>
      <line num="22" count="0" type="stmt"/>
      <line num="24" count="18" type="stmt"/>
      <line num="27" count="0" type="stmt"/>
      <line num="30" count="6" type="cond" truecount="4" falsecount="1"/>
      <line num="33" count="0" type="stmt"/>
      <line num="35" count="6" type="stmt"/>
      <line num="37" count="1" type="stmt"/>
      <line num="43" count="10" type="cond" truecount="4" falsecount="0"/>
      <line num="44" count="4" type="cond" truecount="5" falsecount="0"/>
      <line num="47" count="2" type="stmt"/>
      <line num="48" count="2" type="stmt"/>
    </file>
  </project>
</coverage>
