{"D:\\study\\topics\\67d5bd7e5040133e8429f1c0\\src\\lr_01\\scripts\\math.js": {"path":"D:\\study\\topics\\67d5bd7e5040133e8429f1c0\\src\\lr_01\\scripts\\math.js","statementMap":{"0":{"start":{"line":3,"column":8},"end":{"line":5,"column":9}},"1":{"start":{"line":4,"column":12},"end":{"line":4,"column":102}},"2":{"start":{"line":6,"column":8},"end":{"line":8,"column":9}},"3":{"start":{"line":7,"column":12},"end":{"line":7,"column":113}},"4":{"start":{"line":9,"column":23},"end":{"line":29,"column":10}},"5":{"start":{"line":10,"column":12},"end":{"line":12,"column":13}},"6":{"start":{"line":11,"column":16},"end":{"line":11,"column":106}},"7":{"start":{"line":13,"column":27},"end":{"line":13,"column":41}},"8":{"start":{"line":14,"column":12},"end":{"line":28,"column":13}},"9":{"start":{"line":15,"column":16},"end":{"line":17,"column":17}},"10":{"start":{"line":16,"column":20},"end":{"line":16,"column":64}},"11":{"start":{"line":18,"column":16},"end":{"line":20,"column":17}},"12":{"start":{"line":19,"column":20},"end":{"line":19,"column":76}},"13":{"start":{"line":21,"column":16},"end":{"line":23,"column":17}},"14":{"start":{"line":22,"column":20},"end":{"line":22,"column":73}},"15":{"start":{"line":24,"column":16},"end":{"line":24,"column":30}},"16":{"start":{"line":27,"column":16},"end":{"line":27,"column":88}},"17":{"start":{"line":30,"column":8},"end":{"line":34,"column":9}},"18":{"start":{"line":33,"column":12},"end":{"line":33,"column":102}},"19":{"start":{"line":35,"column":8},"end":{"line":35,"column":26}},"20":{"start":{"line":37,"column":19},"end":{"line":41,"column":6}},"21":{"start":{"line":43,"column":8},"end":{"line":43,"column":89}},"22":{"start":{"line":43,"column":80},"end":{"line":43,"column":89}},"23":{"start":{"line":44,"column":8},"end":{"line":47,"column":21}},"24":{"start":{"line":47,"column":12},"end":{"line":47,"column":21}},"25":{"start":{"line":48,"column":8},"end":{"line":48,"column":17}}},"fnMap":{"0":{"name":"(anonymous_0)","decl":{"start":{"line":2,"column":4},"end":{"line":2,"column":5}},"loc":{"start":{"line":2,"column":23},"end":{"line":36,"column":5}},"line":2},"1":{"name":"(anonymous_1)","decl":{"start":{"line":9,"column":33},"end":{"line":9,"column":34}},"loc":{"start":{"line":9,"column":41},"end":{"line":29,"column":9}},"line":9},"2":{"name":"(anonymous_2)","decl":{"start":{"line":42,"column":4},"end":{"line":42,"column":5}},"loc":{"start":{"line":42,"column":15},"end":{"line":49,"column":5}},"line":42}},"branchMap":{"0":{"loc":{"start":{"line":3,"column":8},"end":{"line":5,"column":9}},"type":"if","locations":[{"start":{"line":3,"column":8},"end":{"line":5,"column":9}},{"start":{},"end":{}}],"line":3},"1":{"loc":{"start":{"line":6,"column":8},"end":{"line":8,"column":9}},"type":"if","locations":[{"start":{"line":6,"column":8},"end":{"line":8,"column":9}},{"start":{},"end":{}}],"line":6},"2":{"loc":{"start":{"line":10,"column":12},"end":{"line":12,"column":13}},"type":"if","locations":[{"start":{"line":10,"column":12},"end":{"line":12,"column":13}},{"start":{},"end":{}}],"line":10},"3":{"loc":{"start":{"line":10,"column":16},"end":{"line":10,"column":68}},"type":"binary-expr","locations":[{"start":{"line":10,"column":16},"end":{"line":10,"column":40}},{"start":{"line":10,"column":44},"end":{"line":10,"column":68}}],"line":10},"4":{"loc":{"start":{"line":15,"column":16},"end":{"line":17,"column":17}},"type":"if","locations":[{"start":{"line":15,"column":16},"end":{"line":17,"column":17}},{"start":{},"end":{}}],"line":15},"5":{"loc":{"start":{"line":18,"column":16},"end":{"line":20,"column":17}},"type":"if","locations":[{"start":{"line":18,"column":16},"end":{"line":20,"column":17}},{"start":{},"end":{}}],"line":18},"6":{"loc":{"start":{"line":21,"column":16},"end":{"line":23,"column":17}},"type":"if","locations":[{"start":{"line":21,"column":16},"end":{"line":23,"column":17}},{"start":{},"end":{}}],"line":21},"7":{"loc":{"start":{"line":30,"column":8},"end":{"line":34,"column":9}},"type":"if","locations":[{"start":{"line":30,"column":8},"end":{"line":34,"column":9}},{"start":{},"end":{}}],"line":30},"8":{"loc":{"start":{"line":30,"column":12},"end":{"line":32,"column":43}},"type":"binary-expr","locations":[{"start":{"line":30,"column":12},"end":{"line":30,"column":43}},{"start":{"line":31,"column":12},"end":{"line":31,"column":43}},{"start":{"line":32,"column":12},"end":{"line":32,"column":43}}],"line":30},"9":{"loc":{"start":{"line":43,"column":8},"end":{"line":43,"column":89}},"type":"if","locations":[{"start":{"line":43,"column":8},"end":{"line":43,"column":89}},{"start":{},"end":{}}],"line":43},"10":{"loc":{"start":{"line":43,"column":12},"end":{"line":43,"column":78}},"type":"binary-expr","locations":[{"start":{"line":43,"column":12},"end":{"line":43,"column":43}},{"start":{"line":43,"column":47},"end":{"line":43,"column":78}}],"line":43},"11":{"loc":{"start":{"line":44,"column":8},"end":{"line":47,"column":21}},"type":"if","locations":[{"start":{"line":44,"column":8},"end":{"line":47,"column":21}},{"start":{},"end":{}}],"line":44},"12":{"loc":{"start":{"line":44,"column":12},"end":{"line":46,"column":43}},"type":"binary-expr","locations":[{"start":{"line":44,"column":12},"end":{"line":44,"column":43}},{"start":{"line":45,"column":12},"end":{"line":45,"column":43}},{"start":{"line":46,"column":12},"end":{"line":46,"column":43}}],"line":44}},"s":{"0":6,"1":0,"2":6,"3":0,"4":6,"5":18,"6":0,"7":18,"8":18,"9":18,"10":0,"11":18,"12":0,"13":18,"14":0,"15":18,"16":0,"17":6,"18":0,"19":6,"20":1,"21":10,"22":6,"23":4,"24":2,"25":2},"f":{"0":6,"1":18,"2":10},"b":{"0":[0,6],"1":[0,6],"2":[0,18],"3":[18,18],"4":[0,18],"5":[0,18],"6":[0,18],"7":[0,6],"8":[6,6,6],"9":[6,4],"10":[10,8],"11":[2,2],"12":[4,2,2]},"_coverageSchema":"1a1c01bbd47fc00a2c39e90264f33305004495a9","hash":"a5e78e3ead8f734d296b283c1976b32d3dee9340"}
}
