TN:
SF:scripts\math.js
FN:2,(anonymous_0)
FN:9,(anonymous_1)
FN:42,(anonymous_2)
FNF:3
FNH:3
FNDA:6,(anonymous_0)
FNDA:18,(anonymous_1)
FNDA:10,(anonymous_2)
DA:3,6
DA:4,0
DA:6,6
DA:7,0
DA:9,6
DA:10,18
DA:11,0
DA:13,18
DA:14,18
DA:15,18
DA:16,0
DA:18,18
DA:19,0
DA:21,18
DA:22,0
DA:24,18
DA:27,0
DA:30,6
DA:33,0
DA:35,6
DA:37,1
DA:43,10
DA:44,4
DA:47,2
DA:48,2
LF:25
LH:17
BRDA:3,0,0,0
BRDA:3,0,1,6
BRDA:6,1,0,0
BRDA:6,1,1,6
BRDA:10,2,0,0
BRDA:10,2,1,18
BRDA:10,3,0,18
BRDA:10,3,1,18
BRDA:15,4,0,0
BRDA:15,4,1,18
BRDA:18,5,0,0
BRDA:18,5,1,18
BRDA:21,6,0,0
BRDA:21,6,1,18
BRDA:30,7,0,0
BRDA:30,7,1,6
BRDA:30,8,0,6
BRDA:30,8,1,6
BRDA:30,8,2,6
BRDA:43,9,0,6
BRDA:43,9,1,4
BRDA:43,10,0,10
BRDA:43,10,1,8
BRDA:44,11,0,2
BRDA:44,11,1,2
BRDA:44,12,0,4
BRDA:44,12,1,2
BRDA:44,12,2,2
BRF:28
BRH:21
end_of_record
