{"D:\\study\\topics\\67d5bd7e5040133e8429f1c0\\src\\lr_01\\scripts\\math.js": {"path":"D:\\study\\topics\\67d5bd7e5040133e8429f1c0\\src\\lr_01\\scripts\\math.js","statementMap":{"0":{"start":{"line":3,"column":8},"end":{"line":5,"column":9}},"1":{"start":{"line":4,"column":12},"end":{"line":4,"column":102}},"2":{"start":{"line":6,"column":8},"end":{"line":8,"column":9}},"3":{"start":{"line":7,"column":12},"end":{"line":7,"column":113}},"4":{"start":{"line":9,"column":23},"end":{"line":33,"column":10}},"5":{"start":{"line":10,"column":12},"end":{"line":12,"column":13}},"6":{"start":{"line":11,"column":16},"end":{"line":11,"column":133}},"7":{"start":{"line":13,"column":25},"end":{"line":13,"column":29}},"8":{"start":{"line":14,"column":12},"end":{"line":32,"column":13}},"9":{"start":{"line":15,"column":16},"end":{"line":18,"column":17}},"10":{"start":{"line":16,"column":20},"end":{"line":16,"column":129}},"11":{"start":{"line":16,"column":45},"end":{"line":16,"column":129}},"12":{"start":{"line":17,"column":20},"end":{"line":17,"column":44}},"13":{"start":{"line":19,"column":16},"end":{"line":21,"column":17}},"14":{"start":{"line":20,"column":20},"end":{"line":20,"column":63}},"15":{"start":{"line":22,"column":16},"end":{"line":24,"column":17}},"16":{"start":{"line":23,"column":20},"end":{"line":23,"column":75}},"17":{"start":{"line":25,"column":16},"end":{"line":27,"column":17}},"18":{"start":{"line":26,"column":20},"end":{"line":26,"column":82}},"19":{"start":{"line":28,"column":16},"end":{"line":28,"column":30}},"20":{"start":{"line":31,"column":16},"end":{"line":31,"column":88}},"21":{"start":{"line":34,"column":8},"end":{"line":38,"column":9}},"22":{"start":{"line":37,"column":12},"end":{"line":37,"column":105}},"23":{"start":{"line":39,"column":8},"end":{"line":39,"column":26}},"24":{"start":{"line":41,"column":19},"end":{"line":45,"column":6}},"25":{"start":{"line":47,"column":8},"end":{"line":47,"column":89}},"26":{"start":{"line":47,"column":80},"end":{"line":47,"column":89}},"27":{"start":{"line":48,"column":8},"end":{"line":51,"column":21}},"28":{"start":{"line":51,"column":12},"end":{"line":51,"column":21}},"29":{"start":{"line":52,"column":8},"end":{"line":52,"column":17}}},"fnMap":{"0":{"name":"(anonymous_0)","decl":{"start":{"line":2,"column":4},"end":{"line":2,"column":5}},"loc":{"start":{"line":2,"column":23},"end":{"line":40,"column":5}},"line":2},"1":{"name":"(anonymous_1)","decl":{"start":{"line":9,"column":33},"end":{"line":9,"column":34}},"loc":{"start":{"line":9,"column":41},"end":{"line":33,"column":9}},"line":9},"2":{"name":"(anonymous_2)","decl":{"start":{"line":46,"column":4},"end":{"line":46,"column":5}},"loc":{"start":{"line":46,"column":15},"end":{"line":53,"column":5}},"line":46}},"branchMap":{"0":{"loc":{"start":{"line":3,"column":8},"end":{"line":5,"column":9}},"type":"if","locations":[{"start":{"line":3,"column":8},"end":{"line":5,"column":9}},{"start":{},"end":{}}],"line":3},"1":{"loc":{"start":{"line":6,"column":8},"end":{"line":8,"column":9}},"type":"if","locations":[{"start":{"line":6,"column":8},"end":{"line":8,"column":9}},{"start":{},"end":{}}],"line":6},"2":{"loc":{"start":{"line":10,"column":12},"end":{"line":12,"column":13}},"type":"if","locations":[{"start":{"line":10,"column":12},"end":{"line":12,"column":13}},{"start":{},"end":{}}],"line":10},"3":{"loc":{"start":{"line":10,"column":16},"end":{"line":10,"column":68}},"type":"binary-expr","locations":[{"start":{"line":10,"column":16},"end":{"line":10,"column":40}},{"start":{"line":10,"column":44},"end":{"line":10,"column":68}}],"line":10},"4":{"loc":{"start":{"line":15,"column":16},"end":{"line":18,"column":17}},"type":"if","locations":[{"start":{"line":15,"column":16},"end":{"line":18,"column":17}},{"start":{},"end":{}}],"line":15},"5":{"loc":{"start":{"line":16,"column":20},"end":{"line":16,"column":129}},"type":"if","locations":[{"start":{"line":16,"column":20},"end":{"line":16,"column":129}},{"start":{},"end":{}}],"line":16},"6":{"loc":{"start":{"line":19,"column":16},"end":{"line":21,"column":17}},"type":"if","locations":[{"start":{"line":19,"column":16},"end":{"line":21,"column":17}},{"start":{},"end":{}}],"line":19},"7":{"loc":{"start":{"line":22,"column":16},"end":{"line":24,"column":17}},"type":"if","locations":[{"start":{"line":22,"column":16},"end":{"line":24,"column":17}},{"start":{},"end":{}}],"line":22},"8":{"loc":{"start":{"line":25,"column":16},"end":{"line":27,"column":17}},"type":"if","locations":[{"start":{"line":25,"column":16},"end":{"line":27,"column":17}},{"start":{},"end":{}}],"line":25},"9":{"loc":{"start":{"line":34,"column":8},"end":{"line":38,"column":9}},"type":"if","locations":[{"start":{"line":34,"column":8},"end":{"line":38,"column":9}},{"start":{},"end":{}}],"line":34},"10":{"loc":{"start":{"line":34,"column":12},"end":{"line":36,"column":43}},"type":"binary-expr","locations":[{"start":{"line":34,"column":12},"end":{"line":34,"column":43}},{"start":{"line":35,"column":12},"end":{"line":35,"column":43}},{"start":{"line":36,"column":12},"end":{"line":36,"column":43}}],"line":34},"11":{"loc":{"start":{"line":47,"column":8},"end":{"line":47,"column":89}},"type":"if","locations":[{"start":{"line":47,"column":8},"end":{"line":47,"column":89}},{"start":{},"end":{}}],"line":47},"12":{"loc":{"start":{"line":47,"column":12},"end":{"line":47,"column":78}},"type":"binary-expr","locations":[{"start":{"line":47,"column":12},"end":{"line":47,"column":43}},{"start":{"line":47,"column":47},"end":{"line":47,"column":78}}],"line":47},"13":{"loc":{"start":{"line":48,"column":8},"end":{"line":51,"column":21}},"type":"if","locations":[{"start":{"line":48,"column":8},"end":{"line":51,"column":21}},{"start":{},"end":{}}],"line":48},"14":{"loc":{"start":{"line":48,"column":12},"end":{"line":50,"column":43}},"type":"binary-expr","locations":[{"start":{"line":48,"column":12},"end":{"line":48,"column":43}},{"start":{"line":49,"column":12},"end":{"line":49,"column":43}},{"start":{"line":50,"column":12},"end":{"line":50,"column":43}}],"line":48}},"s":{"0":18,"1":1,"2":17,"3":2,"4":15,"5":37,"6":2,"7":35,"8":35,"9":35,"10":4,"11":2,"12":2,"13":33,"14":1,"15":32,"16":2,"17":30,"18":1,"19":29,"20":6,"21":7,"22":1,"23":6,"24":1,"25":10,"26":6,"27":4,"28":2,"29":2},"f":{"0":18,"1":37,"2":10},"b":{"0":[1,17],"1":[2,15],"2":[2,35],"3":[37,33],"4":[4,31],"5":[2,2],"6":[1,32],"7":[2,30],"8":[1,29],"9":[1,6],"10":[7,6,6],"11":[6,4],"12":[10,8],"13":[2,2],"14":[4,2,2]},"_coverageSchema":"1a1c01bbd47fc00a2c39e90264f33305004495a9","hash":"a025741c9224f97b276e642f192918403356f5d6"}
}
