TN:
SF:scripts\math.js
FN:2,(anonymous_0)
FN:9,(anonymous_1)
FN:46,(anonymous_2)
FNF:3
FNH:3
FNDA:18,(anonymous_0)
FNDA:37,(anonymous_1)
FNDA:10,(anonymous_2)
DA:3,18
DA:4,1
DA:6,17
DA:7,2
DA:9,15
DA:10,37
DA:11,2
DA:13,35
DA:14,35
DA:15,35
DA:16,4
DA:17,2
DA:19,33
DA:20,1
DA:22,32
DA:23,2
DA:25,30
DA:26,1
DA:28,29
DA:31,6
DA:34,7
DA:37,1
DA:39,6
DA:41,1
DA:47,10
DA:48,4
DA:51,2
DA:52,2
LF:28
LH:28
BRDA:3,0,0,1
BRDA:3,0,1,17
BRDA:6,1,0,2
BRDA:6,1,1,15
BRDA:10,2,0,2
BRDA:10,2,1,35
BRDA:10,3,0,37
BRDA:10,3,1,33
BRDA:15,4,0,4
BRDA:15,4,1,31
BRDA:16,5,0,2
BRDA:16,5,1,2
BRDA:19,6,0,1
BRDA:19,6,1,32
BRDA:22,7,0,2
BRDA:22,7,1,30
BRDA:25,8,0,1
BRDA:25,8,1,29
BRDA:34,9,0,1
BRDA:34,9,1,6
BRDA:34,10,0,7
BRDA:34,10,1,6
BRDA:34,10,2,6
BRDA:47,11,0,6
BRDA:47,11,1,4
BRDA:47,12,0,10
BRDA:47,12,1,8
BRDA:48,13,0,2
BRDA:48,13,1,2
BRDA:48,14,0,4
BRDA:48,14,1,2
BRDA:48,14,2,2
BRF:32
BRH:32
end_of_record
