TN:
SF:scripts\math.js
FN:2,(anonymous_0)
FN:9,(anonymous_1)
FN:46,(anonymous_2)
FNF:3
FNH:3
FNDA:22,(anonymous_0)
FNDA:49,(anonymous_1)
FNDA:16,(anonymous_2)
DA:3,22
DA:4,1
DA:6,21
DA:7,2
DA:9,19
DA:10,49
DA:11,2
DA:13,47
DA:14,47
DA:15,47
DA:16,4
DA:17,2
DA:19,45
DA:20,2
DA:22,43
DA:23,2
DA:25,41
DA:26,1
DA:28,40
DA:31,7
DA:34,10
DA:37,1
DA:39,9
DA:41,1
DA:47,16
DA:48,4
DA:51,2
DA:52,2
LF:28
LH:28
BRDA:3,0,0,1
BRDA:3,0,1,21
BRDA:6,1,0,2
BRDA:6,1,1,19
BRDA:10,2,0,2
BRDA:10,2,1,47
BRDA:10,3,0,49
BRDA:10,3,1,45
BRDA:15,4,0,4
BRDA:15,4,1,43
BRDA:16,5,0,2
BRDA:16,5,1,2
BRDA:19,6,0,2
BRDA:19,6,1,43
BRDA:22,7,0,2
BRDA:22,7,1,41
BRDA:25,8,0,1
BRDA:25,8,1,40
BRDA:34,9,0,1
BRDA:34,9,1,9
BRDA:34,10,0,10
BRDA:34,10,1,9
BRDA:34,10,2,9
BRDA:47,11,0,12
BRDA:47,11,1,4
BRDA:47,12,0,16
BRDA:47,12,1,14
BRDA:48,13,0,2
BRDA:48,13,1,2
BRDA:48,14,0,4
BRDA:48,14,1,2
BRDA:48,14,2,2
BRF:32
BRH:32
end_of_record
